This file contains any messages produced by compilers while
running configure, to aid debugging if configure makes a mistake.

It was created by configure, which was
generated by GNU Autoconf 2.64.  Invocation command line was

  $ /home/user/-3SDC/ledex/build_dir/toolchain-i386_pentium4_gcc-7.2.0_glibc/gcc-7.2.0/configure --with-bugurl=http://www.lede-project.org/bugs/ --with-pkgversion=OpenWrt GCC 7.2.0 r4607-f73730f7f1 --prefix=/home/user/-3SDC/ledex/staging_dir/toolchain-i386_pentium4_gcc-7.2.0_glibc --build=x86_64-pc-linux-gnu --host=x86_64-pc-linux-gnu --target=i686-openwrt-linux-gnu --with-gnu-ld --enable-target-optspace --disable-libgomp --disable-libmudflap --disable-multilib --disable-libmpx --disable-nls --with-isl=/home/user/-3SDC/ledex/staging_dir/host --with-host-libstdcxx=-lstdc++ --with-default-libstdcxx-abi=gcc4-compatible --with-system-zlib --with-gmp=/home/user/-3SDC/ledex/staging_dir/host --with-mpfr=/home/user/-3SDC/ledex/staging_dir/host --with-mpc=/home/user/-3SDC/ledex/staging_dir/host --disable-decimal-float --with-diagnostics-color=auto-if-env --enable-libssp --enable-__cxa_atexit --with-newlib --without-headers --enable-languages=c --disable-libsanitizer --disable-libssp --disable-shared --disable-threads

## --------- ##
## Platform. ##
## --------- ##

hostname = vmware
uname -m = x86_64
uname -r = 4.13.0-1-amd64
uname -s = Linux
uname -v = #1 SMP Debian 4.13.13-1 (2017-11-16)

/usr/bin/uname -p = unknown
/bin/uname -X     = unknown

/bin/arch              = unknown
/usr/bin/arch -k       = unknown
/usr/convex/getsysinfo = unknown
/usr/bin/hostinfo      = unknown
/bin/machine           = unknown
/usr/bin/oslevel       = unknown
/bin/universe          = unknown

PATH: /home/user/-3SDC/ledex/staging_dir/toolchain-i386_pentium4_gcc-7.2.0_glibc/bin
PATH: /home/user/-3SDC/ledex/staging_dir/toolchain-i386_pentium4_gcc-7.2.0_glibc/bin
PATH: /home/user/-3SDC/ledex/staging_dir/host/bin
PATH: /home/user/-3SDC/ledex/staging_dir/toolchain-i386_pentium4_gcc-7.2.0_glibc/bin
PATH: /home/user/-3SDC/ledex/staging_dir/host/bin
PATH: /home/user/-3SDC/ledex/staging_dir/host/bin
PATH: /home/user/go/bin
PATH: /usr/local/bin
PATH: /usr/bin
PATH: /bin
PATH: /usr/games
PATH: /home/user/.bin
PATH: /home/user/.binm
PATH: /home/user/.go/bin
PATH: /bin
PATH: /sbin
PATH: /home/user/.fzf/bin


## ----------- ##
## Core tests. ##
## ----------- ##

configure:2304: checking build system type
configure:2318: result: x86_64-pc-linux-gnu
configure:2365: checking host system type
configure:2378: result: x86_64-pc-linux-gnu
configure:2398: checking target system type
configure:2411: result: i686-openwrt-linux-gnu
configure:2465: checking for a BSD-compatible install
configure:2533: result: /usr/bin/install -c
configure:2544: checking whether ln works
configure:2566: result: yes
configure:2570: checking whether ln -s works
configure:2574: result: yes
configure:2581: checking for a sed that does not truncate output
configure:2645: result: /home/user/-3SDC/ledex/staging_dir/host/bin/sed
configure:2654: checking for gawk
configure:2670: found /usr/bin/gawk
configure:2681: result: gawk
configure:3175: checking for libatomic support
configure:3185: result: yes
configure:3194: checking for libcilkrts support
configure:3204: result: yes
configure:3232: checking for libitm support
configure:3242: result: yes
configure:3270: checking for libvtv support
configure:3280: result: yes
configure:3309: checking for libhsail-rt support
configure:3321: result: yes
configure:3998: checking for x86_64-pc-linux-gnu-gcc
configure:4028: result: no
configure:4038: checking for gcc
configure:4054: found /home/user/-3SDC/ledex/staging_dir/host/bin/gcc
configure:4065: result: gcc
configure:4294: checking for C compiler version
configure:4303: gcc --version >&5
gcc (Debian 7.2.0-17) 7.2.1 20171205
Copyright (C) 2017 Free Software Foundation, Inc.
This is free software; see the source for copying conditions.  There is NO
warranty; not even for MERCHANTABILITY or FITNESS FOR A PARTICULAR PURPOSE.

configure:4314: $? = 0
configure:4303: gcc -v >&5
Using built-in specs.
COLLECT_GCC=gcc
COLLECT_LTO_WRAPPER=/usr/lib/gcc/x86_64-linux-gnu/7/lto-wrapper
OFFLOAD_TARGET_NAMES=nvptx-none
OFFLOAD_TARGET_DEFAULT=1
Target: x86_64-linux-gnu
Configured with: ../src/configure -v --with-pkgversion='Debian 7.2.0-17' --with-bugurl=file:///usr/share/doc/gcc-7/README.Bugs --enable-languages=c,ada,c++,go,brig,d,fortran,objc,obj-c++ --prefix=/usr --with-gcc-major-version-only --program-suffix=-7 --program-prefix=x86_64-linux-gnu- --enable-shared --enable-linker-build-id --libexecdir=/usr/lib --without-included-gettext --enable-threads=posix --libdir=/usr/lib --enable-nls --with-sysroot=/ --enable-clocale=gnu --enable-libstdcxx-debug --enable-libstdcxx-time=yes --with-default-libstdcxx-abi=new --enable-gnu-unique-object --disable-vtable-verify --enable-libmpx --enable-plugin --enable-default-pie --with-system-zlib --with-target-system-zlib --enable-objc-gc=auto --enable-multiarch --disable-werror --with-arch-32=i686 --with-abi=m64 --with-multilib-list=m32,m64,mx32 --enable-multilib --with-tune=generic --enable-offload-targets=nvptx-none --without-cuda-driver --enable-checking=release --build=x86_64-linux-gnu --host=x86_64-linux-gnu --target=x86_64-linux-gnu
Thread model: posix
gcc version 7.2.1 20171205 (Debian 7.2.0-17) 
configure:4314: $? = 0
configure:4303: gcc -V >&5
gcc: error: unrecognized command line option '-V'
gcc: fatal error: no input files
compilation terminated.
configure:4314: $? = 1
configure:4303: gcc -qversion >&5
gcc: error: unrecognized command line option '-qversion'; did you mean '--version'?
gcc: fatal error: no input files
compilation terminated.
configure:4314: $? = 1
configure:4334: checking for C compiler default output file name
configure:4356: gcc    conftest.c  >&5
configure:4360: $? = 0
configure:4397: result: a.out
configure:4413: checking whether the C compiler works
configure:4422: ./a.out
configure:4426: $? = 0
configure:4441: result: yes
configure:4448: checking whether we are cross compiling
configure:4450: result: no
configure:4453: checking for suffix of executables
configure:4460: gcc -o conftest    conftest.c  >&5
configure:4464: $? = 0
configure:4486: result: 
configure:4492: checking for suffix of object files
configure:4514: gcc -c   conftest.c >&5
configure:4518: $? = 0
configure:4539: result: o
configure:4543: checking whether we are using the GNU C compiler
configure:4562: gcc -c   conftest.c >&5
configure:4562: $? = 0
configure:4571: result: yes
configure:4580: checking whether gcc accepts -g
configure:4600: gcc -c -g  conftest.c >&5
configure:4600: $? = 0
configure:4641: result: yes
configure:4658: checking for gcc option to accept ISO C89
configure:4722: gcc  -c   conftest.c >&5
configure:4722: $? = 0
configure:4735: result: none needed
configure:4769: checking for x86_64-pc-linux-gnu-g++
configure:4799: result: no
configure:4769: checking for x86_64-pc-linux-gnu-c++
configure:4799: result: no
configure:4769: checking for x86_64-pc-linux-gnu-gpp
configure:4799: result: no
configure:4769: checking for x86_64-pc-linux-gnu-aCC
configure:4799: result: no
configure:4769: checking for x86_64-pc-linux-gnu-CC
configure:4799: result: no
configure:4769: checking for x86_64-pc-linux-gnu-cxx
configure:4799: result: no
configure:4769: checking for x86_64-pc-linux-gnu-cc++
configure:4799: result: no
configure:4769: checking for x86_64-pc-linux-gnu-cl.exe
configure:4799: result: no
configure:4769: checking for x86_64-pc-linux-gnu-FCC
configure:4799: result: no
configure:4769: checking for x86_64-pc-linux-gnu-KCC
configure:4799: result: no
configure:4769: checking for x86_64-pc-linux-gnu-RCC
configure:4799: result: no
configure:4769: checking for x86_64-pc-linux-gnu-xlC_r
configure:4799: result: no
configure:4769: checking for x86_64-pc-linux-gnu-xlC
configure:4799: result: no
configure:4813: checking for g++
configure:4829: found /home/user/-3SDC/ledex/staging_dir/host/bin/g++
configure:4840: result: g++
configure:4867: checking for C++ compiler version
configure:4876: g++ --version >&5
g++ (Debian 7.2.0-17) 7.2.1 20171205
Copyright (C) 2017 Free Software Foundation, Inc.
This is free software; see the source for copying conditions.  There is NO
warranty; not even for MERCHANTABILITY or FITNESS FOR A PARTICULAR PURPOSE.

configure:4887: $? = 0
configure:4876: g++ -v >&5
Using built-in specs.
COLLECT_GCC=g++
COLLECT_LTO_WRAPPER=/usr/lib/gcc/x86_64-linux-gnu/7/lto-wrapper
OFFLOAD_TARGET_NAMES=nvptx-none
OFFLOAD_TARGET_DEFAULT=1
Target: x86_64-linux-gnu
Configured with: ../src/configure -v --with-pkgversion='Debian 7.2.0-17' --with-bugurl=file:///usr/share/doc/gcc-7/README.Bugs --enable-languages=c,ada,c++,go,brig,d,fortran,objc,obj-c++ --prefix=/usr --with-gcc-major-version-only --program-suffix=-7 --program-prefix=x86_64-linux-gnu- --enable-shared --enable-linker-build-id --libexecdir=/usr/lib --without-included-gettext --enable-threads=posix --libdir=/usr/lib --enable-nls --with-sysroot=/ --enable-clocale=gnu --enable-libstdcxx-debug --enable-libstdcxx-time=yes --with-default-libstdcxx-abi=new --enable-gnu-unique-object --disable-vtable-verify --enable-libmpx --enable-plugin --enable-default-pie --with-system-zlib --with-target-system-zlib --enable-objc-gc=auto --enable-multiarch --disable-werror --with-arch-32=i686 --with-abi=m64 --with-multilib-list=m32,m64,mx32 --enable-multilib --with-tune=generic --enable-offload-targets=nvptx-none --without-cuda-driver --enable-checking=release --build=x86_64-linux-gnu --host=x86_64-linux-gnu --target=x86_64-linux-gnu
Thread model: posix
gcc version 7.2.1 20171205 (Debian 7.2.0-17) 
configure:4887: $? = 0
configure:4876: g++ -V >&5
g++: error: unrecognized command line option '-V'
g++: fatal error: no input files
compilation terminated.
configure:4887: $? = 1
configure:4876: g++ -qversion >&5
g++: error: unrecognized command line option '-qversion'; did you mean '--version'?
g++: fatal error: no input files
compilation terminated.
configure:4887: $? = 1
configure:4891: checking whether we are using the GNU C++ compiler
configure:4910: g++ -c   conftest.cpp >&5
configure:4910: $? = 0
configure:4919: result: yes
configure:4928: checking whether g++ accepts -g
configure:4948: g++ -c -g  conftest.cpp >&5
configure:4948: $? = 0
configure:4989: result: yes
configure:5038: checking whether g++ accepts -static-libstdc++ -static-libgcc
configure:5055: g++ -o conftest -g -O2   -static-libstdc++ -static-libgcc conftest.cpp  >&5
configure:5055: $? = 0
configure:5056: result: yes
configure:5080: checking for x86_64-pc-linux-gnu-gnatbind
configure:5110: result: no
configure:5120: checking for gnatbind
configure:5150: result: no
configure:5172: checking for x86_64-pc-linux-gnu-gnatmake
configure:5202: result: no
configure:5212: checking for gnatmake
configure:5242: result: no
configure:5261: checking whether compiler driver understands Ada
configure:5284: result: no
configure:5293: checking how to compare bootstrapped objects
configure:5318: result: cmp --ignore-initial=16 $$f1 $$f2
configure:5378: checking for objdir
configure:5393: result: .libs
configure:5564: checking for the correct version of gmp.h
configure:5584: gcc -c  -I/home/user/-3SDC/ledex/staging_dir/host/include -I/home/user/-3SDC/ledex/staging_dir/host/include -I/home/user/-3SDC/ledex/staging_dir/host/include   conftest.c >&5
configure:5584: $? = 0
configure:5602: gcc -c  -I/home/user/-3SDC/ledex/staging_dir/host/include -I/home/user/-3SDC/ledex/staging_dir/host/include -I/home/user/-3SDC/ledex/staging_dir/host/include   conftest.c >&5
configure:5602: $? = 0
configure:5603: result: yes
configure:5619: checking for the correct version of mpfr.h
configure:5637: gcc -c  -I/home/user/-3SDC/ledex/staging_dir/host/include -I/home/user/-3SDC/ledex/staging_dir/host/include -I/home/user/-3SDC/ledex/staging_dir/host/include   conftest.c >&5
configure:5637: $? = 0
configure:5654: gcc -c  -I/home/user/-3SDC/ledex/staging_dir/host/include -I/home/user/-3SDC/ledex/staging_dir/host/include -I/home/user/-3SDC/ledex/staging_dir/host/include   conftest.c >&5
configure:5654: $? = 0
configure:5655: result: yes
configure:5672: checking for the correct version of mpc.h
configure:5689: gcc -c  -I/home/user/-3SDC/ledex/staging_dir/host/include -I/home/user/-3SDC/ledex/staging_dir/host/include -I/home/user/-3SDC/ledex/staging_dir/host/include   conftest.c >&5
configure:5689: $? = 0
configure:5705: gcc -c  -I/home/user/-3SDC/ledex/staging_dir/host/include -I/home/user/-3SDC/ledex/staging_dir/host/include -I/home/user/-3SDC/ledex/staging_dir/host/include   conftest.c >&5
configure:5705: $? = 0
configure:5706: result: yes
configure:5724: checking for the correct version of the gmp/mpfr/mpc libraries
configure:5755: gcc -o conftest  -I/home/user/-3SDC/ledex/staging_dir/host/include -I/home/user/-3SDC/ledex/staging_dir/host/include -I/home/user/-3SDC/ledex/staging_dir/host/include    conftest.c  -L/home/user/-3SDC/ledex/staging_dir/host/lib -L/home/user/-3SDC/ledex/staging_dir/host/lib -L/home/user/-3SDC/ledex/staging_dir/host/lib -lmpc -lmpfr -lgmp >&5
configure:5755: $? = 0
configure:5756: result: yes
configure:5941: checking for isl 0.15 or later
configure:5954: gcc -o conftest  -I/home/user/-3SDC/ledex/staging_dir/host/include -I/home/user/-3SDC/ledex/staging_dir/host/include -I/home/user/-3SDC/ledex/staging_dir/host/include -I/home/user/-3SDC/ledex/staging_dir/host/include    -L/home/user/-3SDC/ledex/staging_dir/host/lib -lisl -L/home/user/-3SDC/ledex/staging_dir/host/lib -L/home/user/-3SDC/ledex/staging_dir/host/lib -L/home/user/-3SDC/ledex/staging_dir/host/lib -lmpc -lmpfr -lgmp conftest.c  -lisl -lgmp >&5
configure:5954: $? = 0
configure:5961: result: yes
configure:6993: checking for default BUILD_CONFIG
configure:7025: result: 
configure:7030: checking for --enable-vtable-verify
configure:7043: result: no
configure:7643: checking for bison
configure:7659: found /home/user/-3SDC/ledex/staging_dir/host/bin/bison
configure:7670: result: bison -y
configure:7690: checking for bison
configure:7706: found /home/user/-3SDC/ledex/staging_dir/host/bin/bison
configure:7717: result: bison
configure:7737: checking for gm4
configure:7764: result: /home/user/-3SDC/ledex/staging_dir/host/bin/m4
configure:7784: checking for flex
configure:7800: found /home/user/-3SDC/ledex/staging_dir/host/bin/flex
configure:7811: result: flex
configure:7832: checking for flex
configure:7848: found /home/user/-3SDC/ledex/staging_dir/host/bin/flex
configure:7859: result: flex
configure:7879: checking for makeinfo
configure:7895: found /home/user/-3SDC/ledex/staging_dir/host/bin/makeinfo
configure:7906: result: makeinfo
configure:7940: checking for expect
configure:7970: result: no
configure:7989: checking for runtest
configure:8019: result: no
configure:8095: checking for x86_64-pc-linux-gnu-ar
configure:8125: result: no
configure:8134: checking for ar
configure:8150: found /usr/bin/ar
configure:8161: result: ar
configure:8236: checking for x86_64-pc-linux-gnu-as
configure:8266: result: no
configure:8275: checking for as
configure:8291: found /usr/bin/as
configure:8302: result: as
configure:8377: checking for x86_64-pc-linux-gnu-dlltool
configure:8407: result: no
configure:8416: checking for dlltool
configure:8446: result: no
configure:8518: checking for x86_64-pc-linux-gnu-ld
configure:8548: result: no
configure:8557: checking for ld
configure:8573: found /usr/bin/ld
configure:8584: result: ld
configure:8659: checking for x86_64-pc-linux-gnu-lipo
configure:8689: result: no
configure:8698: checking for lipo
configure:8728: result: no
configure:8800: checking for x86_64-pc-linux-gnu-nm
configure:8830: result: no
configure:8839: checking for nm
configure:8855: found /usr/bin/nm
configure:8866: result: nm
configure:8941: checking for x86_64-pc-linux-gnu-ranlib
configure:8971: result: no
configure:8980: checking for ranlib
configure:8996: found /usr/bin/ranlib
configure:9007: result: ranlib
configure:9077: checking for x86_64-pc-linux-gnu-strip
configure:9107: result: no
configure:9116: checking for strip
configure:9132: found /usr/bin/strip
configure:9143: result: strip
configure:9213: checking for x86_64-pc-linux-gnu-windres
configure:9243: result: no
configure:9252: checking for windres
configure:9282: result: no
configure:9354: checking for x86_64-pc-linux-gnu-windmc
configure:9384: result: no
configure:9393: checking for windmc
configure:9423: result: no
configure:9495: checking for x86_64-pc-linux-gnu-objcopy
configure:9525: result: no
configure:9534: checking for objcopy
configure:9550: found /usr/bin/objcopy
configure:9561: result: objcopy
configure:9636: checking for x86_64-pc-linux-gnu-objdump
configure:9666: result: no
configure:9675: checking for objdump
configure:9691: found /usr/bin/objdump
configure:9702: result: objdump
configure:9777: checking for x86_64-pc-linux-gnu-readelf
configure:9807: result: no
configure:9816: checking for readelf
configure:9832: found /home/user/-3SDC/ledex/staging_dir/toolchain-i386_pentium4_gcc-7.2.0_glibc/bin/readelf
configure:9843: result: readelf
configure:9957: checking for i686-openwrt-linux-gnu-cc
configure:9987: result: no
configure:9957: checking for i686-openwrt-linux-gnu-gcc
configure:9987: result: no
configure:10118: checking for i686-openwrt-linux-gnu-c++
configure:10148: result: no
configure:10118: checking for i686-openwrt-linux-gnu-g++
configure:10148: result: no
configure:10118: checking for i686-openwrt-linux-gnu-cxx
configure:10148: result: no
configure:10118: checking for i686-openwrt-linux-gnu-gxx
configure:10148: result: no
configure:10279: checking for i686-openwrt-linux-gnu-gcc
configure:10309: result: no
configure:10435: checking for i686-openwrt-linux-gnu-gfortran
configure:10465: result: no
configure:10596: checking for i686-openwrt-linux-gnu-gccgo
configure:10626: result: no
configure:10726: checking for ar
configure:10744: found /home/user/-3SDC/ledex/staging_dir/toolchain-i386_pentium4_gcc-7.2.0_glibc/i686-openwrt-linux-gnu/bin/ar
configure:10756: result: /home/user/-3SDC/ledex/staging_dir/toolchain-i386_pentium4_gcc-7.2.0_glibc/i686-openwrt-linux-gnu/bin/ar
configure:10956: checking for as
configure:10974: found /home/user/-3SDC/ledex/staging_dir/toolchain-i386_pentium4_gcc-7.2.0_glibc/i686-openwrt-linux-gnu/bin/as
configure:10986: result: /home/user/-3SDC/ledex/staging_dir/toolchain-i386_pentium4_gcc-7.2.0_glibc/i686-openwrt-linux-gnu/bin/as
configure:11186: checking for dlltool
configure:11219: result: no
configure:11297: checking for i686-openwrt-linux-gnu-dlltool
configure:11327: result: no
configure:11416: checking for ld
configure:11434: found /home/user/-3SDC/ledex/staging_dir/toolchain-i386_pentium4_gcc-7.2.0_glibc/i686-openwrt-linux-gnu/bin/ld
configure:11446: result: /home/user/-3SDC/ledex/staging_dir/toolchain-i386_pentium4_gcc-7.2.0_glibc/i686-openwrt-linux-gnu/bin/ld
configure:11646: checking for lipo
configure:11679: result: no
configure:11757: checking for i686-openwrt-linux-gnu-lipo
configure:11787: result: no
configure:11876: checking for nm
configure:11894: found /home/user/-3SDC/ledex/staging_dir/toolchain-i386_pentium4_gcc-7.2.0_glibc/i686-openwrt-linux-gnu/bin/nm
configure:11906: result: /home/user/-3SDC/ledex/staging_dir/toolchain-i386_pentium4_gcc-7.2.0_glibc/i686-openwrt-linux-gnu/bin/nm
configure:12106: checking for objcopy
configure:12124: found /home/user/-3SDC/ledex/staging_dir/toolchain-i386_pentium4_gcc-7.2.0_glibc/i686-openwrt-linux-gnu/bin/objcopy
configure:12136: result: /home/user/-3SDC/ledex/staging_dir/toolchain-i386_pentium4_gcc-7.2.0_glibc/i686-openwrt-linux-gnu/bin/objcopy
configure:12336: checking for objdump
configure:12354: found /home/user/-3SDC/ledex/staging_dir/toolchain-i386_pentium4_gcc-7.2.0_glibc/i686-openwrt-linux-gnu/bin/objdump
configure:12366: result: /home/user/-3SDC/ledex/staging_dir/toolchain-i386_pentium4_gcc-7.2.0_glibc/i686-openwrt-linux-gnu/bin/objdump
configure:12566: checking for ranlib
configure:12584: found /home/user/-3SDC/ledex/staging_dir/toolchain-i386_pentium4_gcc-7.2.0_glibc/i686-openwrt-linux-gnu/bin/ranlib
configure:12596: result: /home/user/-3SDC/ledex/staging_dir/toolchain-i386_pentium4_gcc-7.2.0_glibc/i686-openwrt-linux-gnu/bin/ranlib
configure:12796: checking for readelf
configure:12814: found /home/user/-3SDC/ledex/staging_dir/toolchain-i386_pentium4_gcc-7.2.0_glibc/i686-openwrt-linux-gnu/bin/readelf
configure:12826: result: /home/user/-3SDC/ledex/staging_dir/toolchain-i386_pentium4_gcc-7.2.0_glibc/i686-openwrt-linux-gnu/bin/readelf
configure:13026: checking for strip
configure:13044: found /home/user/-3SDC/ledex/staging_dir/toolchain-i386_pentium4_gcc-7.2.0_glibc/i686-openwrt-linux-gnu/bin/strip
configure:13056: result: /home/user/-3SDC/ledex/staging_dir/toolchain-i386_pentium4_gcc-7.2.0_glibc/i686-openwrt-linux-gnu/bin/strip
configure:13256: checking for windres
configure:13289: result: no
configure:13367: checking for i686-openwrt-linux-gnu-windres
configure:13397: result: no
configure:13486: checking for windmc
configure:13519: result: no
configure:13597: checking for i686-openwrt-linux-gnu-windmc
configure:13627: result: no
configure:13694: checking where to find the target ar
configure:13722: result: pre-installed in /home/user/-3SDC/ledex/staging_dir/toolchain-i386_pentium4_gcc-7.2.0_glibc/i686-openwrt-linux-gnu/bin
configure:13736: checking where to find the target as
configure:13764: result: pre-installed in /home/user/-3SDC/ledex/staging_dir/toolchain-i386_pentium4_gcc-7.2.0_glibc/i686-openwrt-linux-gnu/bin
configure:13778: checking where to find the target cc
configure:13801: result: just compiled
configure:13820: checking where to find the target c++
configure:13860: result: pre-installed
configure:13865: checking where to find the target c++ for libstdc++
configure:13905: result: pre-installed
configure:13910: checking where to find the target dlltool
configure:13947: result: pre-installed
configure:13952: checking where to find the target gcc
configure:13975: result: just compiled
configure:13994: checking where to find the target gfortran
configure:14034: result: pre-installed
configure:14039: checking where to find the target gccgo
configure:14079: result: pre-installed
configure:14084: checking where to find the target ld
configure:14112: result: pre-installed in /home/user/-3SDC/ledex/staging_dir/toolchain-i386_pentium4_gcc-7.2.0_glibc/i686-openwrt-linux-gnu/bin
configure:14126: checking where to find the target lipo
configure:14152: result: pre-installed
configure:14157: checking where to find the target nm
configure:14185: result: pre-installed in /home/user/-3SDC/ledex/staging_dir/toolchain-i386_pentium4_gcc-7.2.0_glibc/i686-openwrt-linux-gnu/bin
configure:14199: checking where to find the target objcopy
configure:14227: result: pre-installed in /home/user/-3SDC/ledex/staging_dir/toolchain-i386_pentium4_gcc-7.2.0_glibc/i686-openwrt-linux-gnu/bin
configure:14241: checking where to find the target objdump
configure:14269: result: pre-installed in /home/user/-3SDC/ledex/staging_dir/toolchain-i386_pentium4_gcc-7.2.0_glibc/i686-openwrt-linux-gnu/bin
configure:14283: checking where to find the target ranlib
configure:14311: result: pre-installed in /home/user/-3SDC/ledex/staging_dir/toolchain-i386_pentium4_gcc-7.2.0_glibc/i686-openwrt-linux-gnu/bin
configure:14325: checking where to find the target readelf
configure:14353: result: pre-installed in /home/user/-3SDC/ledex/staging_dir/toolchain-i386_pentium4_gcc-7.2.0_glibc/i686-openwrt-linux-gnu/bin
configure:14367: checking where to find the target strip
configure:14395: result: pre-installed in /home/user/-3SDC/ledex/staging_dir/toolchain-i386_pentium4_gcc-7.2.0_glibc/i686-openwrt-linux-gnu/bin
configure:14409: checking where to find the target windres
configure:14446: result: pre-installed
configure:14451: checking where to find the target windmc
configure:14488: result: pre-installed
configure:14521: checking whether to enable maintainer-specific portions of Makefiles
configure:14530: result: no
configure:14788: creating ./config.status

## ---------------------- ##
## Running config.status. ##
## ---------------------- ##

This file was extended by config.status, which was
generated by GNU Autoconf 2.64.  Invocation command line was

  CONFIG_FILES    = 
  CONFIG_HEADERS  = 
  CONFIG_LINKS    = 
  CONFIG_COMMANDS = 
  $ ./config.status 

on vmware

config.status:981: creating Makefile

## ---------------- ##
## Cache variables. ##
## ---------------- ##

ac_cv_build=x86_64-pc-linux-gnu
ac_cv_c_compiler_gnu=yes
ac_cv_cxx_compiler_gnu=yes
ac_cv_env_AR_FOR_TARGET_set=
ac_cv_env_AR_FOR_TARGET_value=
ac_cv_env_AR_set=
ac_cv_env_AR_value=
ac_cv_env_AS_FOR_TARGET_set=
ac_cv_env_AS_FOR_TARGET_value=
ac_cv_env_AS_set=
ac_cv_env_AS_value=
ac_cv_env_CCC_set=
ac_cv_env_CCC_value=
ac_cv_env_CC_FOR_TARGET_set=
ac_cv_env_CC_FOR_TARGET_value=
ac_cv_env_CC_set=
ac_cv_env_CC_value=
ac_cv_env_CFLAGS_set=set
ac_cv_env_CFLAGS_value=
ac_cv_env_CPPFLAGS_set=
ac_cv_env_CPPFLAGS_value=
ac_cv_env_CXXFLAGS_set=
ac_cv_env_CXXFLAGS_value=
ac_cv_env_CXX_FOR_TARGET_set=
ac_cv_env_CXX_FOR_TARGET_value=
ac_cv_env_CXX_set=
ac_cv_env_CXX_value=
ac_cv_env_DLLTOOL_FOR_TARGET_set=
ac_cv_env_DLLTOOL_FOR_TARGET_value=
ac_cv_env_DLLTOOL_set=
ac_cv_env_DLLTOOL_value=
ac_cv_env_GCC_FOR_TARGET_set=
ac_cv_env_GCC_FOR_TARGET_value=
ac_cv_env_GFORTRAN_FOR_TARGET_set=
ac_cv_env_GFORTRAN_FOR_TARGET_value=
ac_cv_env_GOC_FOR_TARGET_set=
ac_cv_env_GOC_FOR_TARGET_value=
ac_cv_env_LDFLAGS_set=set
ac_cv_env_LDFLAGS_value=
ac_cv_env_LD_FOR_TARGET_set=
ac_cv_env_LD_FOR_TARGET_value=
ac_cv_env_LD_set=
ac_cv_env_LD_value=
ac_cv_env_LIBS_set=
ac_cv_env_LIBS_value=
ac_cv_env_LIPO_FOR_TARGET_set=
ac_cv_env_LIPO_FOR_TARGET_value=
ac_cv_env_LIPO_set=
ac_cv_env_LIPO_value=
ac_cv_env_NM_FOR_TARGET_set=
ac_cv_env_NM_FOR_TARGET_value=
ac_cv_env_NM_set=
ac_cv_env_NM_value=
ac_cv_env_OBJCOPY_FOR_TARGET_set=
ac_cv_env_OBJCOPY_FOR_TARGET_value=
ac_cv_env_OBJCOPY_set=
ac_cv_env_OBJCOPY_value=
ac_cv_env_OBJDUMP_FOR_TARGET_set=
ac_cv_env_OBJDUMP_FOR_TARGET_value=
ac_cv_env_OBJDUMP_set=
ac_cv_env_OBJDUMP_value=
ac_cv_env_RANLIB_FOR_TARGET_set=
ac_cv_env_RANLIB_FOR_TARGET_value=
ac_cv_env_RANLIB_set=
ac_cv_env_RANLIB_value=
ac_cv_env_READELF_FOR_TARGET_set=
ac_cv_env_READELF_FOR_TARGET_value=
ac_cv_env_READELF_set=
ac_cv_env_READELF_value=
ac_cv_env_STRIP_FOR_TARGET_set=
ac_cv_env_STRIP_FOR_TARGET_value=
ac_cv_env_STRIP_set=
ac_cv_env_STRIP_value=
ac_cv_env_WINDMC_FOR_TARGET_set=
ac_cv_env_WINDMC_FOR_TARGET_value=
ac_cv_env_WINDMC_set=
ac_cv_env_WINDMC_value=
ac_cv_env_WINDRES_FOR_TARGET_set=
ac_cv_env_WINDRES_FOR_TARGET_value=
ac_cv_env_WINDRES_set=
ac_cv_env_WINDRES_value=
ac_cv_env_build_alias_set=set
ac_cv_env_build_alias_value=x86_64-pc-linux-gnu
ac_cv_env_build_configargs_set=
ac_cv_env_build_configargs_value=
ac_cv_env_host_alias_set=set
ac_cv_env_host_alias_value=x86_64-pc-linux-gnu
ac_cv_env_host_configargs_set=
ac_cv_env_host_configargs_value=
ac_cv_env_target_alias_set=set
ac_cv_env_target_alias_value=i686-openwrt-linux-gnu
ac_cv_env_target_configargs_set=
ac_cv_env_target_configargs_value=
ac_cv_host=x86_64-pc-linux-gnu
ac_cv_objext=o
ac_cv_path_AR_FOR_TARGET=/home/user/-3SDC/ledex/staging_dir/toolchain-i386_pentium4_gcc-7.2.0_glibc/i686-openwrt-linux-gnu/bin/ar
ac_cv_path_AS_FOR_TARGET=/home/user/-3SDC/ledex/staging_dir/toolchain-i386_pentium4_gcc-7.2.0_glibc/i686-openwrt-linux-gnu/bin/as
ac_cv_path_LD_FOR_TARGET=/home/user/-3SDC/ledex/staging_dir/toolchain-i386_pentium4_gcc-7.2.0_glibc/i686-openwrt-linux-gnu/bin/ld
ac_cv_path_NM_FOR_TARGET=/home/user/-3SDC/ledex/staging_dir/toolchain-i386_pentium4_gcc-7.2.0_glibc/i686-openwrt-linux-gnu/bin/nm
ac_cv_path_OBJCOPY_FOR_TARGET=/home/user/-3SDC/ledex/staging_dir/toolchain-i386_pentium4_gcc-7.2.0_glibc/i686-openwrt-linux-gnu/bin/objcopy
ac_cv_path_OBJDUMP_FOR_TARGET=/home/user/-3SDC/ledex/staging_dir/toolchain-i386_pentium4_gcc-7.2.0_glibc/i686-openwrt-linux-gnu/bin/objdump
ac_cv_path_RANLIB_FOR_TARGET=/home/user/-3SDC/ledex/staging_dir/toolchain-i386_pentium4_gcc-7.2.0_glibc/i686-openwrt-linux-gnu/bin/ranlib
ac_cv_path_READELF_FOR_TARGET=/home/user/-3SDC/ledex/staging_dir/toolchain-i386_pentium4_gcc-7.2.0_glibc/i686-openwrt-linux-gnu/bin/readelf
ac_cv_path_SED=/home/user/-3SDC/ledex/staging_dir/host/bin/sed
ac_cv_path_STRIP_FOR_TARGET=/home/user/-3SDC/ledex/staging_dir/toolchain-i386_pentium4_gcc-7.2.0_glibc/i686-openwrt-linux-gnu/bin/strip
ac_cv_path_install='/usr/bin/install -c'
ac_cv_prog_AR=ar
ac_cv_prog_AS=as
ac_cv_prog_AWK=gawk
ac_cv_prog_BISON=bison
ac_cv_prog_FLEX=flex
ac_cv_prog_LD=ld
ac_cv_prog_LEX=flex
ac_cv_prog_M4=/home/user/-3SDC/ledex/staging_dir/host/bin/m4
ac_cv_prog_MAKEINFO=makeinfo
ac_cv_prog_NM=nm
ac_cv_prog_OBJCOPY=objcopy
ac_cv_prog_OBJDUMP=objdump
ac_cv_prog_RANLIB=ranlib
ac_cv_prog_READELF=readelf
ac_cv_prog_STRIP=strip
ac_cv_prog_YACC='bison -y'
ac_cv_prog_ac_ct_CC=gcc
ac_cv_prog_ac_ct_CXX=g++
ac_cv_prog_cc_c89=
ac_cv_prog_cc_g=yes
ac_cv_prog_cxx_g=yes
ac_cv_target=i686-openwrt-linux-gnu
acx_cv_cc_gcc_supports_ada=no
acx_cv_prog_LN=ln
gcc_cv_isl=yes
gcc_cv_prog_cmp_skip='cmp --ignore-initial=16 $$f1 $$f2'
gcc_cv_tool_dirs=/home/user/-3SDC/ledex/staging_dir/toolchain-i386_pentium4_gcc-7.2.0_glibc/libexec/gcc/i686-openwrt-linux-gnu/7.2.0:/home/user/-3SDC/ledex/staging_dir/toolchain-i386_pentium4_gcc-7.2.0_glibc/libexec/gcc/i686-openwrt-linux-gnu:/usr/lib/gcc/i686-openwrt-linux-gnu/7.2.0:/usr/lib/gcc/i686-openwrt-linux-gnu:/home/user/-3SDC/ledex/staging_dir/toolchain-i386_pentium4_gcc-7.2.0_glibc/i686-openwrt-linux-gnu/bin/i686-openwrt-linux-gnu/7.2.0:/home/user/-3SDC/ledex/staging_dir/toolchain-i386_pentium4_gcc-7.2.0_glibc/i686-openwrt-linux-gnu/bin:
gcc_cv_tool_prefix=/home/user/-3SDC/ledex/staging_dir/toolchain-i386_pentium4_gcc-7.2.0_glibc
libgcc_cv_fixed_point=no
libgo_cv_c_split_stack_supported=no
lt_cv_objdir=.libs

## ----------------- ##
## Output variables. ##
## ----------------- ##

AR='ar'
AR_FOR_BUILD='$(AR)'
AR_FOR_TARGET='/home/user/-3SDC/ledex/staging_dir/toolchain-i386_pentium4_gcc-7.2.0_glibc/i686-openwrt-linux-gnu/bin/ar'
AS='as'
AS_FOR_BUILD='$(AS)'
AS_FOR_TARGET='/home/user/-3SDC/ledex/staging_dir/toolchain-i386_pentium4_gcc-7.2.0_glibc/i686-openwrt-linux-gnu/bin/as'
AWK='gawk'
BISON='bison'
BUILD_CONFIG=''
CC='gcc'
CC_FOR_BUILD='$(CC)'
CC_FOR_TARGET='$$r/$(HOST_SUBDIR)/gcc/xgcc -B$$r/$(HOST_SUBDIR)/gcc/'
CFLAGS=''
CFLAGS_FOR_BUILD=''
CFLAGS_FOR_TARGET='-g -O2'
COMPILER_AS_FOR_TARGET='$$r/$(HOST_SUBDIR)/gcc/as'
COMPILER_LD_FOR_TARGET='$$r/$(HOST_SUBDIR)/gcc/collect-ld'
COMPILER_NM_FOR_TARGET='$$r/$(HOST_SUBDIR)/gcc/nm'
CONFIGURE_GDB_TK=''
CPPFLAGS=''
CXX='g++'
CXXFLAGS='-g -O2'
CXXFLAGS_FOR_BUILD='-g -O2'
CXXFLAGS_FOR_TARGET='-g -O2'
CXX_FOR_BUILD='$(CXX)'
CXX_FOR_TARGET='i686-openwrt-linux-gnu-c++'
DEBUG_PREFIX_CFLAGS_FOR_TARGET=''
DEFS='-DPACKAGE_NAME=\"\" -DPACKAGE_TARNAME=\"\" -DPACKAGE_VERSION=\"\" -DPACKAGE_STRING=\"\" -DPACKAGE_BUGREPORT=\"\" -DPACKAGE_URL=\"\" -DLT_OBJDIR=\".libs/\"'
DLLTOOL='dlltool'
DLLTOOL_FOR_BUILD='$(DLLTOOL)'
DLLTOOL_FOR_TARGET='i686-openwrt-linux-gnu-dlltool'
ECHO_C=''
ECHO_N='-n'
ECHO_T=''
EXEEXT=''
EXPECT='expect'
FLAGS_FOR_TARGET=' -B$(build_tooldir)/bin/ -B$(build_tooldir)/lib/ -isystem $(build_tooldir)/include -isystem $(build_tooldir)/sys-include'
FLEX='flex'
GCC_FOR_TARGET='$$r/$(HOST_SUBDIR)/gcc/xgcc -B$$r/$(HOST_SUBDIR)/gcc/'
GCC_SHLIB_SUBDIR=''
GDB_TK=''
GFORTRAN_FOR_BUILD='$(GFORTRAN)'
GFORTRAN_FOR_TARGET='i686-openwrt-linux-gnu-gfortran'
GNATBIND='no'
GNATMAKE='no'
GOC_FOR_BUILD='$(GOC)'
GOC_FOR_TARGET='i686-openwrt-linux-gnu-gccgo'
INSTALL_DATA='${INSTALL} -m 644'
INSTALL_GDB_TK=''
INSTALL_PROGRAM='${INSTALL}'
INSTALL_SCRIPT='${INSTALL}'
LD='ld'
LDFLAGS=''
LDFLAGS_FOR_BUILD=''
LDFLAGS_FOR_TARGET=''
LD_FOR_BUILD='$(LD)'
LD_FOR_TARGET='/home/user/-3SDC/ledex/staging_dir/toolchain-i386_pentium4_gcc-7.2.0_glibc/i686-openwrt-linux-gnu/bin/ld'
LEX='flex'
LIBOBJS=''
LIBS=''
LIPO='lipo'
LIPO_FOR_TARGET='i686-openwrt-linux-gnu-lipo'
LN='ln'
LN_S='ln -s'
LTLIBOBJS=''
M4='/home/user/-3SDC/ledex/staging_dir/host/bin/m4'
MAINT='#'
MAINTAINER_MODE_FALSE=''
MAINTAINER_MODE_TRUE='#'
MAKEINFO='/home/user/-3SDC/ledex/build_dir/toolchain-i386_pentium4_gcc-7.2.0_glibc/gcc-7.2.0/missing makeinfo'
NM='nm'
NM_FOR_BUILD='$(NM)'
NM_FOR_TARGET='/home/user/-3SDC/ledex/staging_dir/toolchain-i386_pentium4_gcc-7.2.0_glibc/i686-openwrt-linux-gnu/bin/nm'
OBJCOPY='objcopy'
OBJCOPY_FOR_TARGET='/home/user/-3SDC/ledex/staging_dir/toolchain-i386_pentium4_gcc-7.2.0_glibc/i686-openwrt-linux-gnu/bin/objcopy'
OBJDUMP='objdump'
OBJDUMP_FOR_TARGET='/home/user/-3SDC/ledex/staging_dir/toolchain-i386_pentium4_gcc-7.2.0_glibc/i686-openwrt-linux-gnu/bin/objdump'
OBJEXT='o'
PACKAGE_BUGREPORT=''
PACKAGE_NAME=''
PACKAGE_STRING=''
PACKAGE_TARNAME=''
PACKAGE_URL=''
PACKAGE_VERSION=''
PATH_SEPARATOR=':'
RANLIB='ranlib'
RANLIB_FOR_BUILD='$(RANLIB)'
RANLIB_FOR_TARGET='/home/user/-3SDC/ledex/staging_dir/toolchain-i386_pentium4_gcc-7.2.0_glibc/i686-openwrt-linux-gnu/bin/ranlib'
RAW_CXX_FOR_TARGET='i686-openwrt-linux-gnu-c++'
READELF='readelf'
READELF_FOR_TARGET='/home/user/-3SDC/ledex/staging_dir/toolchain-i386_pentium4_gcc-7.2.0_glibc/i686-openwrt-linux-gnu/bin/readelf'
RPATH_ENVVAR='LD_LIBRARY_PATH'
RUNTEST='runtest'
SED='/home/user/-3SDC/ledex/staging_dir/host/bin/sed'
SHELL='/bin/sh'
STRIP='strip'
STRIP_FOR_TARGET='/home/user/-3SDC/ledex/staging_dir/toolchain-i386_pentium4_gcc-7.2.0_glibc/i686-openwrt-linux-gnu/bin/strip'
SYSROOT_CFLAGS_FOR_TARGET=''
TOPLEVEL_CONFIGURE_ARGUMENTS='/home/user/-3SDC/ledex/build_dir/toolchain-i386_pentium4_gcc-7.2.0_glibc/gcc-7.2.0/configure --with-bugurl=http://www.lede-project.org/bugs/ --with-pkgversion='\''OpenWrt GCC 7.2.0 r4607-f73730f7f1'\'' --prefix=/home/user/-3SDC/ledex/staging_dir/toolchain-i386_pentium4_gcc-7.2.0_glibc --build=x86_64-pc-linux-gnu --host=x86_64-pc-linux-gnu --target=i686-openwrt-linux-gnu --with-gnu-ld --enable-target-optspace --disable-libgomp --disable-libmudflap --disable-multilib --disable-libmpx --disable-nls --with-isl=/home/user/-3SDC/ledex/staging_dir/host --with-host-libstdcxx=-lstdc++ --with-default-libstdcxx-abi=gcc4-compatible --with-system-zlib --with-gmp=/home/user/-3SDC/ledex/staging_dir/host --with-mpfr=/home/user/-3SDC/ledex/staging_dir/host --with-mpc=/home/user/-3SDC/ledex/staging_dir/host --disable-decimal-float --with-diagnostics-color=auto-if-env --enable-libssp --enable-__cxa_atexit --with-newlib --without-headers --enable-languages=c --disable-libsanitizer --disable-libssp --disable-shared --disable-threads'
WINDMC='windmc'
WINDMC_FOR_BUILD='$(WINDMC)'
WINDMC_FOR_TARGET='i686-openwrt-linux-gnu-windmc'
WINDRES='windres'
WINDRES_FOR_BUILD='$(WINDRES)'
WINDRES_FOR_TARGET='i686-openwrt-linux-gnu-windres'
YACC='bison -y'
ac_ct_CC='gcc'
ac_ct_CXX='g++'
bindir='${exec_prefix}/bin'
build='x86_64-pc-linux-gnu'
build_alias='x86_64-pc-linux-gnu'
build_configargs=' --cache-file=./config.cache '\''--with-bugurl=http://www.lede-project.org/bugs/'\'' '\''--with-pkgversion=OpenWrt GCC 7.2.0 r4607-f73730f7f1'\'' '\''--prefix=/home/user/-3SDC/ledex/staging_dir/toolchain-i386_pentium4_gcc-7.2.0_glibc'\'' '\''--with-gnu-ld'\'' '\''--enable-target-optspace'\'' '\''--disable-libgomp'\'' '\''--disable-libmudflap'\'' '\''--disable-multilib'\'' '\''--disable-libmpx'\'' '\''--disable-nls'\'' '\''--with-isl=/home/user/-3SDC/ledex/staging_dir/host'\'' '\''--with-host-libstdcxx=-lstdc++'\'' '\''--with-default-libstdcxx-abi=gcc4-compatible'\'' '\''--with-system-zlib'\'' '\''--with-gmp=/home/user/-3SDC/ledex/staging_dir/host'\'' '\''--with-mpfr=/home/user/-3SDC/ledex/staging_dir/host'\'' '\''--with-mpc=/home/user/-3SDC/ledex/staging_dir/host'\'' '\''--disable-decimal-float'\'' '\''--with-diagnostics-color=auto-if-env'\'' '\''--enable-libssp'\'' '\''--enable-__cxa_atexit'\'' '\''--with-newlib'\'' '\''--without-headers'\'' '\''--disable-libsanitizer'\'' '\''--disable-libssp'\'' '\''--disable-shared'\'' '\''--disable-threads'\'' '\''--enable-languages=c,lto'\'' --program-transform-name='\''s&^&i686-openwrt-linux-gnu-&'\'' --disable-option-checking'
build_configdirs=' libiberty libcpp fixincludes'
build_cpu='x86_64'
build_libsubdir='build-x86_64-pc-linux-gnu'
build_noncanonical='x86_64-pc-linux-gnu'
build_os='linux-gnu'
build_subdir='build-x86_64-pc-linux-gnu'
build_tooldir='${exec_prefix}/i686-openwrt-linux-gnu'
build_vendor='pc'
compare_exclusions='gcc/cc*-checksum$(objext) | gcc/ada/*tools/*'
configdirs=' intl libiberty libbacktrace libcpp libdecnumber fixincludes gcc libcc1 lto-plugin'
datadir='${datarootdir}'
datarootdir='${prefix}/share'
do_compare='cmp --ignore-initial=16 $$f1 $$f2'
docdir='${datarootdir}/doc/${PACKAGE}'
dvidir='${docdir}'
exec_prefix='${prefix}'
extra_host_libiberty_configure_flags='--enable-shared'
extra_host_zlib_configure_flags=''
extra_isl_gmp_configure_flags=''
extra_liboffloadmic_configure_flags=''
extra_linker_plugin_configure_flags=''
extra_linker_plugin_flags=''
extra_mpc_gmp_configure_flags=''
extra_mpc_mpfr_configure_flags=''
extra_mpfr_configure_flags=''
get_gcc_base_ver='cat'
gmpinc='-I/home/user/-3SDC/ledex/staging_dir/host/include -I/home/user/-3SDC/ledex/staging_dir/host/include -I/home/user/-3SDC/ledex/staging_dir/host/include '
gmplibs='-L/home/user/-3SDC/ledex/staging_dir/host/lib -L/home/user/-3SDC/ledex/staging_dir/host/lib -L/home/user/-3SDC/ledex/staging_dir/host/lib -lmpc -lmpfr -lgmp'
host='x86_64-pc-linux-gnu'
host_alias='x86_64-pc-linux-gnu'
host_configargs=' --cache-file=./config.cache  --with-system-zlib '\''--with-bugurl=http://www.lede-project.org/bugs/'\'' '\''--with-pkgversion=OpenWrt GCC 7.2.0 r4607-f73730f7f1'\'' '\''--prefix=/home/user/-3SDC/ledex/staging_dir/toolchain-i386_pentium4_gcc-7.2.0_glibc'\'' '\''--with-gnu-ld'\'' '\''--enable-target-optspace'\'' '\''--disable-libgomp'\'' '\''--disable-libmudflap'\'' '\''--disable-multilib'\'' '\''--disable-libmpx'\'' '\''--disable-nls'\'' '\''--with-isl=/home/user/-3SDC/ledex/staging_dir/host'\'' '\''--with-host-libstdcxx=-lstdc++'\'' '\''--with-default-libstdcxx-abi=gcc4-compatible'\'' '\''--with-system-zlib'\'' '\''--with-gmp=/home/user/-3SDC/ledex/staging_dir/host'\'' '\''--with-mpfr=/home/user/-3SDC/ledex/staging_dir/host'\'' '\''--with-mpc=/home/user/-3SDC/ledex/staging_dir/host'\'' '\''--disable-decimal-float'\'' '\''--with-diagnostics-color=auto-if-env'\'' '\''--enable-libssp'\'' '\''--enable-__cxa_atexit'\'' '\''--with-newlib'\'' '\''--without-headers'\'' '\''--disable-libsanitizer'\'' '\''--disable-libssp'\'' '\''--disable-shared'\'' '\''--disable-threads'\'' '\''--enable-languages=c,lto'\'' --program-transform-name='\''s&^&i686-openwrt-linux-gnu-&'\'' --disable-option-checking'
host_cpu='x86_64'
host_noncanonical='x86_64-pc-linux-gnu'
host_os='linux-gnu'
host_shared='no'
host_subdir='.'
host_vendor='pc'
htmldir='${docdir}'
includedir='${prefix}/include'
infodir='${datarootdir}/info'
islinc='-I/home/user/-3SDC/ledex/staging_dir/host/include'
isllibs='-L/home/user/-3SDC/ledex/staging_dir/host/lib -lisl'
libdir='${exec_prefix}/lib'
libexecdir='${exec_prefix}/libexec'
localedir='${datarootdir}/locale'
localstatedir='${prefix}/var'
mandir='${datarootdir}/man'
oldincludedir='/usr/include'
pdfdir='${docdir}'
poststage1_ldflags='-static-libstdc++ -static-libgcc'
poststage1_libs=''
prefix='/home/user/-3SDC/ledex/staging_dir/toolchain-i386_pentium4_gcc-7.2.0_glibc'
program_transform_name='s&^&i686-openwrt-linux-gnu-&'
psdir='${docdir}'
sbindir='${exec_prefix}/sbin'
sharedstatedir='${prefix}/com'
stage1_cflags='-g'
stage1_checking='--enable-checking=yes,types'
stage1_languages='c,lto'
stage1_ldflags='-static-libstdc++ -static-libgcc'
stage1_libs=''
stage2_werror_flag=''
sysconfdir='${prefix}/etc'
target='i686-openwrt-linux-gnu'
target_alias='i686-openwrt-linux-gnu'
target_configargs='--cache-file=./config.cache --with-cross-host=x86_64-pc-linux-gnu   '\''--with-bugurl=http://www.lede-project.org/bugs/'\'' '\''--with-pkgversion=OpenWrt GCC 7.2.0 r4607-f73730f7f1'\'' '\''--prefix=/home/user/-3SDC/ledex/staging_dir/toolchain-i386_pentium4_gcc-7.2.0_glibc'\'' '\''--with-gnu-ld'\'' '\''--enable-target-optspace'\'' '\''--disable-libgomp'\'' '\''--disable-libmudflap'\'' '\''--disable-multilib'\'' '\''--disable-libmpx'\'' '\''--disable-nls'\'' '\''--with-host-libstdcxx=-lstdc++'\'' '\''--with-default-libstdcxx-abi=gcc4-compatible'\'' '\''--with-system-zlib'\'' '\''--disable-decimal-float'\'' '\''--with-diagnostics-color=auto-if-env'\'' '\''--enable-libssp'\'' '\''--enable-__cxa_atexit'\'' '\''--with-newlib'\'' '\''--without-headers'\'' '\''--disable-libsanitizer'\'' '\''--disable-libssp'\'' '\''--disable-shared'\'' '\''--disable-threads'\'' '\''--enable-languages=c,lto'\'' --program-transform-name='\''s&^&i686-openwrt-linux-gnu-&'\'' --disable-option-checking'
target_configdirs=' libgcc libatomic libquadmath'
target_cpu='i686'
target_noncanonical='i686-openwrt-linux-gnu'
target_os='linux-gnu'
target_subdir='i686-openwrt-linux-gnu'
target_vendor='openwrt'
tooldir='${exec_prefix}/i686-openwrt-linux-gnu'

## ------------------- ##
## File substitutions. ##
## ------------------- ##

alphaieee_frag='/dev/null'
host_makefile_frag='/dev/null'
ospace_frag='/home/user/-3SDC/ledex/build_dir/toolchain-i386_pentium4_gcc-7.2.0_glibc/gcc-7.2.0/config/mt-ospace'
serialization_dependencies='serdep.tmp'
target_makefile_frag='/home/user/-3SDC/ledex/build_dir/toolchain-i386_pentium4_gcc-7.2.0_glibc/gcc-7.2.0/config/mt-gnu'

## ----------- ##
## confdefs.h. ##
## ----------- ##

/* confdefs.h */
#define PACKAGE_NAME ""
#define PACKAGE_TARNAME ""
#define PACKAGE_VERSION ""
#define PACKAGE_STRING ""
#define PACKAGE_BUGREPORT ""
#define PACKAGE_URL ""
#define LT_OBJDIR ".libs/"

configure: exit 0
